<?xml version="1.0" encoding="UTF-8"?>
<testsuite xmlns:xsi="http://www.w3.org/2001/XMLSchema-instance" xsi:noNamespaceSchemaLocation="https://maven.apache.org/surefire/maven-surefire-plugin/xsd/surefire-test-report-3.0.xsd" version="3.0" name="com.ecommerceportfolio.controllers.ProductGeneralControllerTest" time="2.306" tests="6" errors="0" skipped="0" failures="1">
  <properties>
[...]
</properties>
  <testcase name="testCreateProduct" classname="com.ecommerceportfolio.controllers.ProductGeneralControllerTest" time="0.383">
    <system-out><![CDATA[
  .   ____          _            __ _ _
 /\\ / ___'_ __ _ _(_)_ __  __ _ \ \ \ \
( ( )\___ | '_ | '_| | '_ \/ _` | \ \ \ \
 \\/  ___)| |_)| | | | | || (_| |  ) ) ) )
  '  |____| .__|_| |_|_| |_\__, | / / / /
 =========|_|==============|___/=/_/_/_/

 :: Spring Boot ::                (v3.3.2)

2024-08-17T22:14:51.148+02:00  INFO 3528912 --- [ecommerceportfolio] [           main] c.e.c.ProductGeneralControllerTest       : Starting ProductGeneralControllerTest using Java 17.0.6 with PID 3528912 (started by neos in /home/neos/Escritorio/proyectos_personales/angularSpringEcommercePortfolio/backend)
2024-08-17T22:14:51.149+02:00  INFO 3528912 --- [ecommerceportfolio] [           main] c.e.c.ProductGeneralControllerTest       : No active profile set, falling back to 1 default profile: "default"
2024-08-17T22:14:51.321+02:00  INFO 3528912 --- [ecommerceportfolio] [           main] .s.d.r.c.RepositoryConfigurationDelegate : Bootstrapping Spring Data JPA repositories in DEFAULT mode.
2024-08-17T22:14:51.330+02:00  INFO 3528912 --- [ecommerceportfolio] [           main] .s.d.r.c.RepositoryConfigurationDelegate : Finished Spring Data repository scanning in 8 ms. Found 2 JPA repository interfaces.
2024-08-17T22:14:51.786+02:00  INFO 3528912 --- [ecommerceportfolio] [           main] o.hibernate.jpa.internal.util.LogHelper  : HHH000204: Processing PersistenceUnitInfo [name: default]
2024-08-17T22:14:51.792+02:00  INFO 3528912 --- [ecommerceportfolio] [           main] o.h.c.internal.RegionFactoryInitiator    : HHH000026: Second-level cache disabled
2024-08-17T22:14:51.805+02:00  INFO 3528912 --- [ecommerceportfolio] [           main] o.s.o.j.p.SpringPersistenceUnitInfo      : No LoadTimeWeaver setup: ignoring JPA class transformer
2024-08-17T22:14:51.807+02:00  INFO 3528912 --- [ecommerceportfolio] [           main] com.zaxxer.hikari.HikariDataSource       : HikariPool-2 - Starting...
2024-08-17T22:14:51.808+02:00  INFO 3528912 --- [ecommerceportfolio] [           main] com.zaxxer.hikari.pool.HikariPool        : HikariPool-2 - Added connection conn17: url=jdbc:h2:mem:testdb user=SA
2024-08-17T22:14:51.808+02:00  INFO 3528912 --- [ecommerceportfolio] [           main] com.zaxxer.hikari.HikariDataSource       : HikariPool-2 - Start completed.
2024-08-17T22:14:51.917+02:00  INFO 3528912 --- [ecommerceportfolio] [           main] o.h.e.t.j.p.i.JtaPlatformInitiator       : HHH000489: No JTA platform available (set 'hibernate.transaction.jta.platform' to enable JTA platform integration)
2024-08-17T22:14:51.930+02:00  INFO 3528912 --- [ecommerceportfolio] [           main] j.LocalContainerEntityManagerFactoryBean : Initialized JPA EntityManagerFactory for persistence unit 'default'
2024-08-17T22:14:52.293+02:00  WARN 3528912 --- [ecommerceportfolio] [           main] JpaBaseConfiguration$JpaWebConfiguration : spring.jpa.open-in-view is enabled by default. Therefore, database queries may be performed during view rendering. Explicitly configure spring.jpa.open-in-view to disable this warning
2024-08-17T22:14:52.747+02:00  INFO 3528912 --- [ecommerceportfolio] [           main] o.s.b.a.h2.H2ConsoleAutoConfiguration    : H2 console available at '/h2-console'. Database available at 'jdbc:h2:mem:testdb'
2024-08-17T22:14:52.869+02:00  INFO 3528912 --- [ecommerceportfolio] [           main] o.s.b.t.m.w.SpringBootMockServletContext : Initializing Spring TestDispatcherServlet ''
2024-08-17T22:14:52.870+02:00  INFO 3528912 --- [ecommerceportfolio] [           main] o.s.t.web.servlet.TestDispatcherServlet  : Initializing Servlet ''
2024-08-17T22:14:52.876+02:00  INFO 3528912 --- [ecommerceportfolio] [           main] o.s.t.web.servlet.TestDispatcherServlet  : Completed initialization in 3 ms
2024-08-17T22:14:52.910+02:00  INFO 3528912 --- [ecommerceportfolio] [           main] c.e.c.ProductGeneralControllerTest       : Started ProductGeneralControllerTest in 1.784 seconds (process running for 10.402)
]]></system-out>
  </testcase>
  <testcase name="testDeleteProductBy" classname="com.ecommerceportfolio.controllers.ProductGeneralControllerTest" time="0.015"/>
  <testcase name="testUpdateProduct" classname="com.ecommerceportfolio.controllers.ProductGeneralControllerTest" time="0.016">
    <failure message="Status expected:&lt;200&gt; but was:&lt;400&gt;" type="java.lang.AssertionError"><![CDATA[java.lang.AssertionError: Status expected:<200> but was:<400>
	at org.springframework.test.util.AssertionErrors.fail(AssertionErrors.java:59)
	at org.springframework.test.util.AssertionErrors.assertEquals(AssertionErrors.java:122)
	at org.springframework.test.web.servlet.result.StatusResultMatchers.lambda$matcher$9(StatusResultMatchers.java:637)
	at org.springframework.test.web.servlet.MockMvc$1.andExpect(MockMvc.java:214)
	at com.ecommerceportfolio.controllers.ProductGeneralControllerTest.testUpdateProduct(ProductGeneralControllerTest.java:109)
	at java.base/java.lang.reflect.Method.invoke(Method.java:568)
	at java.base/java.util.ArrayList.forEach(ArrayList.java:1511)
	at java.base/java.util.ArrayList.forEach(ArrayList.java:1511)
]]></failure>
    <system-out><![CDATA[
MockHttpServletRequest:
      HTTP Method = PUT
      Request URI = /products/1
       Parameters = {}
          Headers = [Content-Type:"application/json;charset=UTF-8", Content-Length:"209"]
             Body = {"id":null,"name":"name","contactPhone":"","imageUrl":"","address":{"streetNumber":"snumber","streetName":"sname","city":"city","state":"state","zipCode":"zipcode"},"location":{"latitude":1.1,"longitude":1.1}}
    Session Attrs = {}

Handler:
             Type = com.ecommerceportfolio.controllers.ProductGeneralController
           Method = com.ecommerceportfolio.controllers.ProductGeneralController#updateProduct(Long, ProductClient)

Async:
    Async started = false
     Async result = null

Resolved Exception:
             Type = null

ModelAndView:
        View name = null
             View = null
            Model = null

FlashMap:
       Attributes = null

MockHttpServletResponse:
           Status = 400
    Error message = null
          Headers = []
     Content type = null
             Body = 
    Forwarded URL = null
   Redirected URL = null
          Cookies = []
]]></system-out>
  </testcase>
  <testcase name="testGetProducts" classname="com.ecommerceportfolio.controllers.ProductGeneralControllerTest" time="0.02"/>
  <testcase name="testGetProductById" classname="com.ecommerceportfolio.controllers.ProductGeneralControllerTest" time="0.014"/>
  <testcase name="testGetProductsPublic" classname="com.ecommerceportfolio.controllers.ProductGeneralControllerTest" time="0.021"/>
</testsuite>