<?xml version="1.0" encoding="UTF-8"?>
<testsuite xmlns:xsi="http://www.w3.org/2001/XMLSchema-instance" xsi:noNamespaceSchemaLocation="https://maven.apache.org/surefire/maven-surefire-plugin/xsd/surefire-test-report-3.0.xsd" version="3.0" name="com.ecommerceportfolio.repositories.ProductRepositoryTest" time="0.108" tests="3" errors="0" skipped="0" failures="0">
  <properties>
[...]
</properties>
  <testcase name="testIfTextFilterWorksIfCategoryFilterWorks" classname="com.ecommerceportfolio.repositories.ProductRepositoryTest" time="0.046">
    <system-out><![CDATA[2024-08-17T22:14:50.972+02:00  INFO 3528912 --- [ecommerceportfolio] [           main] t.c.s.AnnotationConfigContextLoaderUtils : Could not detect default configuration classes for test class [com.ecommerceportfolio.repositories.ProductRepositoryTest]: ProductRepositoryTest does not declare any static, non-private, non-final, nested classes annotated with @Configuration.
2024-08-17T22:14:50.986+02:00  INFO 3528912 --- [ecommerceportfolio] [           main] .b.t.c.SpringBootTestContextBootstrapper : Found @SpringBootConfiguration com.ecommerceportfolio.EcommerceportfolioApplication for test class com.ecommerceportfolio.repositories.ProductRepositoryTest
Hibernate: insert into store (city,state,street_name,street_number,zip_code,contact_phone,image_url,latitude,longitude,name,id) values (?,?,?,?,?,?,?,?,?,?,default)
Hibernate: insert into product (category,currency,description,image_url,inventory_status,name,price,store_id,id) values (?,?,?,?,?,?,?,?,default)
Hibernate: select p1_0.id,p1_0.category,p1_0.currency,p1_0.description,p1_0.image_url,p1_0.inventory_status,p1_0.name,p1_0.price,p1_0.store_id from product p1_0 where (? is null or lower(p1_0.name) like lower(('%'||?||'%')) escape '') and (? is null or p1_0.category in (?)) fetch first ? rows only
Hibernate: select p1_0.id,p1_0.category,p1_0.currency,p1_0.description,p1_0.image_url,p1_0.inventory_status,p1_0.name,p1_0.price,p1_0.store_id from product p1_0 where (? is null or lower(p1_0.name) like lower(('%'||?||'%')) escape '') and (? is null or p1_0.category in (?)) fetch first ? rows only
Hibernate: select p1_0.id,p1_0.category,p1_0.currency,p1_0.description,p1_0.image_url,p1_0.inventory_status,p1_0.name,p1_0.price,p1_0.store_id from product p1_0 where (? is null or lower(p1_0.name) like lower(('%'||?||'%')) escape '') and (? is null or p1_0.category in (?)) fetch first ? rows only
Hibernate: select p1_0.id,p1_0.category,p1_0.currency,p1_0.description,p1_0.image_url,p1_0.inventory_status,p1_0.name,p1_0.price,p1_0.store_id from product p1_0 where (? is null or lower(p1_0.name) like lower(('%'||?||'%')) escape '') and (? is null or p1_0.category in (?)) fetch first ? rows only
]]></system-out>
  </testcase>
  <testcase name="testIfCategoryFilterWorks" classname="com.ecommerceportfolio.repositories.ProductRepositoryTest" time="0.023">
    <system-out><![CDATA[Hibernate: insert into store (city,state,street_name,street_number,zip_code,contact_phone,image_url,latitude,longitude,name,id) values (?,?,?,?,?,?,?,?,?,?,default)
Hibernate: insert into product (category,currency,description,image_url,inventory_status,name,price,store_id,id) values (?,?,?,?,?,?,?,?,default)
Hibernate: select p1_0.id,p1_0.category,p1_0.currency,p1_0.description,p1_0.image_url,p1_0.inventory_status,p1_0.name,p1_0.price,p1_0.store_id from product p1_0 where (? is null or lower(p1_0.name) like lower(('%'||?||'%')) escape '') and (? is null or p1_0.category in (?,?)) fetch first ? rows only
Hibernate: select p1_0.id,p1_0.category,p1_0.currency,p1_0.description,p1_0.image_url,p1_0.inventory_status,p1_0.name,p1_0.price,p1_0.store_id from product p1_0 where (? is null or lower(p1_0.name) like lower(('%'||?||'%')) escape '') and (? is null or p1_0.category in (?)) fetch first ? rows only
]]></system-out>
  </testcase>
  <testcase name="testIfTextFilterWorks" classname="com.ecommerceportfolio.repositories.ProductRepositoryTest" time="0.015">
    <system-out><![CDATA[Hibernate: insert into store (city,state,street_name,street_number,zip_code,contact_phone,image_url,latitude,longitude,name,id) values (?,?,?,?,?,?,?,?,?,?,default)
Hibernate: insert into product (category,currency,description,image_url,inventory_status,name,price,store_id,id) values (?,?,?,?,?,?,?,?,default)
Hibernate: select p1_0.id,p1_0.category,p1_0.currency,p1_0.description,p1_0.image_url,p1_0.inventory_status,p1_0.name,p1_0.price,p1_0.store_id from product p1_0 where (? is null or lower(p1_0.name) like lower(('%'||?||'%')) escape '') and (? is null or p1_0.category in (?)) fetch first ? rows only
Hibernate: select p1_0.id,p1_0.category,p1_0.currency,p1_0.description,p1_0.image_url,p1_0.inventory_status,p1_0.name,p1_0.price,p1_0.store_id from product p1_0 where (? is null or lower(p1_0.name) like lower(('%'||?||'%')) escape '') and (? is null or p1_0.category in (?)) fetch first ? rows only
]]></system-out>
  </testcase>
</testsuite>